<?xml version="1.0" encoding="UTF-8"?>
<beans xmlns="http://www.springframework.org/schema/beans"
	xmlns:xsi="http://www.w3.org/2001/XMLSchema-instance"
	xmlns:util="http://www.springframework.org/schema/util"
	xsi:schemaLocation="
	http://www.springframework.org/schema/beans http://www.springframework.org/schema/beans/spring-beans.xsd
	http://www.springframework.org/schema/util http://www.springframework.org/schema/util/spring-util.xsd">

    <bean id="paratureProperties" class="com.rosettastone.succor.parature.ParatureProperties">
    	<property name="defaultLocale" value="en"/>
    	<property name="currentEventStorage" ref="currentEventStorage"/>
    	<property name="propertiesMap">
    		<map>
    			<entry key="en"><util:properties location="classpath:/properties/test_en.properties"/></entry>
				<entry key="es"><util:properties location="classpath:/properties/test_es.properties"/></entry>
				<entry key="ja"><util:properties location="classpath:/properties/test_ja.properties"/></entry>
    		</map>
    	</property>
    </bean>

</beans>